[debug] [2020-04-23T04:35:20.691Z] ----------------------------------------------------------------------
[debug] [2020-04-23T04:35:20.699Z] Command:       C:\Program Files\nodejs\node.exe C:\Users\Anonymous\AppData\Roaming\npm\node_modules\firebase-tools\lib\bin\firebase.js serve
[debug] [2020-04-23T04:35:20.701Z] CLI Version:   8.1.1
[debug] [2020-04-23T04:35:20.701Z] Platform:      win32
[debug] [2020-04-23T04:35:20.701Z] Node Version:  v12.15.0
[debug] [2020-04-23T04:35:20.703Z] Time:          Thu Apr 23 2020 11:35:20 GMT+0700 (Western Indonesia Time)
[debug] [2020-04-23T04:35:20.705Z] ----------------------------------------------------------------------
[debug] [2020-04-23T04:35:20.705Z] 
[debug] [2020-04-23T04:35:20.738Z] > command requires scopes: ["email","openid","https://www.googleapis.com/auth/cloudplatformprojects.readonly","https://www.googleapis.com/auth/firebase","https://www.googleapis.com/auth/cloud-platform"]
[debug] [2020-04-23T04:35:20.741Z] > authorizing via signed-in user
[debug] [2020-04-23T04:35:20.743Z] [iam] checking project reacts-js-dcd03 for permissions ["firebase.projects.get"]
[debug] [2020-04-23T04:35:20.760Z] >>> HTTP REQUEST POST https://cloudresourcemanager.googleapis.com/v1/projects/reacts-js-dcd03:testIamPermissions  
 {"permissions":["firebase.projects.get"]}
[debug] [2020-04-23T04:35:22.320Z] <<< HTTP RESPONSE 200 {"content-type":"application/json; charset=UTF-8","vary":"X-Origin, Referer, Origin,Accept-Encoding","date":"Thu, 23 Apr 2020 04:35:24 GMT","server":"ESF","cache-control":"private","x-xss-protection":"0","x-frame-options":"SAMEORIGIN","x-content-type-options":"nosniff","server-timing":"gfet4t7; dur=1165","alt-svc":"quic=\":443\"; ma=2592000; v=\"46,43\",h3-Q050=\":443\"; ma=2592000,h3-Q049=\":443\"; ma=2592000,h3-Q048=\":443\"; ma=2592000,h3-Q046=\":443\"; ma=2592000,h3-Q043=\":443\"; ma=2592000,h3-T050=\":443\"; ma=2592000","accept-ranges":"none","transfer-encoding":"chunked"}
[debug] [2020-04-23T04:35:22.325Z] >>> HTTP REQUEST GET https://firebase.googleapis.com/v1beta1/projects/reacts-js-dcd03  
 
[debug] [2020-04-23T04:35:22.977Z] <<< HTTP RESPONSE 200 {"content-type":"application/json; charset=UTF-8","vary":"X-Origin, Referer, Origin,Accept-Encoding","date":"Thu, 23 Apr 2020 04:35:24 GMT","server":"ESF","cache-control":"private","x-xss-protection":"0","x-frame-options":"SAMEORIGIN","x-content-type-options":"nosniff","alt-svc":"quic=\":443\"; ma=2592000; v=\"46,43\",h3-Q050=\":443\"; ma=2592000,h3-Q049=\":443\"; ma=2592000,h3-Q048=\":443\"; ma=2592000,h3-Q046=\":443\"; ma=2592000,h3-Q043=\":443\"; ma=2592000,h3-T050=\":443\"; ma=2592000","accept-ranges":"none","transfer-encoding":"chunked"}
[info] 
[info] === Serving from 'G:\Kuliah\Semester 6\Pemrograman Berbasis Framework\Project\firebase-login'...
[info] 
[debug] [2020-04-23T04:35:23.023Z] >>> HTTP REQUEST GET https://firebase.googleapis.com/v1beta1/projects/reacts-js-dcd03/webApps/-/config  
 
[debug] [2020-04-23T04:35:24.060Z] <<< HTTP RESPONSE 200 {"content-type":"application/json; charset=UTF-8","vary":"X-Origin, Referer, Origin,Accept-Encoding","date":"Thu, 23 Apr 2020 04:35:25 GMT","server":"ESF","cache-control":"private","x-xss-protection":"0","x-frame-options":"SAMEORIGIN","x-content-type-options":"nosniff","alt-svc":"quic=\":443\"; ma=2592000; v=\"46,43\",h3-Q050=\":443\"; ma=2592000,h3-Q049=\":443\"; ma=2592000,h3-Q048=\":443\"; ma=2592000,h3-Q046=\":443\"; ma=2592000,h3-Q043=\":443\"; ma=2592000,h3-T050=\":443\"; ma=2592000","accept-ranges":"none","transfer-encoding":"chunked"}
[info] i  hosting: Serving hosting files from: public
[info] +  hosting: Local server: http://localhost:5000
